c:\users\chenshuaishuai\documents\visual studio 2013\projects\accesssqliteconv\accesssqliteconv\x64\debug\vc120.pdb
c:\users\chenshuaishuai\documents\visual studio 2013\projects\accesssqliteconv\accesssqliteconv\x64\debug\ntaccessmanager.obj
c:\users\chenshuaishuai\documents\visual studio 2013\projects\accesssqliteconv\accesssqliteconv\x64\debug\main.obj
c:\users\chenshuaishuai\documents\visual studio 2013\projects\accesssqliteconv\accesssqliteconv\x64\debug\moc_accesssqliteconv.obj
c:\users\chenshuaishuai\documents\visual studio 2013\projects\accesssqliteconv\accesssqliteconv\x64\debug\accesssqliteconv.obj
c:\users\chenshuaishuai\documents\visual studio 2013\projects\accesssqliteconv\accesssqliteconv\x64\debug\qrc_accesssqliteconv.obj
c:\users\chenshuaishuai\documents\visual studio 2013\projects\accesssqliteconv\accesssqliteconv\generatedfiles\debug\moc_accesssqliteconv.cpp
c:\users\chenshuaishuai\documents\visual studio 2013\projects\accesssqliteconv\accesssqliteconv\generatedfiles\ui_accesssqliteconv.h
c:\users\chenshuaishuai\documents\visual studio 2013\projects\accesssqliteconv\accesssqliteconv\generatedfiles\qrc_accesssqliteconv.cpp
c:\users\chenshuaishuai\documents\visual studio 2013\projects\accesssqliteconv\x64\debug\accesssqliteconv.pdb
c:\users\chenshuaishuai\documents\visual studio 2013\projects\accesssqliteconv\accesssqliteconv\x64\debug\accesssqliteconv.tlog\cl.command.1.tlog
c:\users\chenshuaishuai\documents\visual studio 2013\projects\accesssqliteconv\accesssqliteconv\x64\debug\accesssqliteconv.tlog\cl.read.1.tlog
c:\users\chenshuaishuai\documents\visual studio 2013\projects\accesssqliteconv\accesssqliteconv\x64\debug\accesssqliteconv.tlog\cl.write.1.tlog
c:\users\chenshuaishuai\documents\visual studio 2013\projects\accesssqliteconv\accesssqliteconv\x64\debug\accesssqliteconv.tlog\custombuild.command.1.tlog
c:\users\chenshuaishuai\documents\visual studio 2013\projects\accesssqliteconv\accesssqliteconv\x64\debug\accesssqliteconv.tlog\custombuild.read.1.tlog
c:\users\chenshuaishuai\documents\visual studio 2013\projects\accesssqliteconv\accesssqliteconv\x64\debug\accesssqliteconv.tlog\custombuild.write.1.tlog
c:\users\chenshuaishuai\documents\visual studio 2013\projects\accesssqliteconv\accesssqliteconv\x64\debug\accesssqliteconv.tlog\link.628.read.1.tlog
c:\users\chenshuaishuai\documents\visual studio 2013\projects\accesssqliteconv\accesssqliteconv\x64\debug\accesssqliteconv.tlog\link.628.write.1.tlog
c:\users\chenshuaishuai\documents\visual studio 2013\projects\accesssqliteconv\accesssqliteconv\x64\debug\accesssqliteconv.tlog\link.command.1.tlog
c:\users\chenshuaishuai\documents\visual studio 2013\projects\accesssqliteconv\accesssqliteconv\x64\debug\accesssqliteconv.tlog\link.read.1.tlog
c:\users\chenshuaishuai\documents\visual studio 2013\projects\accesssqliteconv\accesssqliteconv\x64\debug\accesssqliteconv.tlog\link.write.1.tlog
